  WordFrequencyAnalyzerDlg.cpp
C:\Program Files\Microsoft Visual Studio\2022\Community\VC\Tools\MSVC\14.44.35207\include\utility(274,16): warning C4267: инициализация: преобразование из "size_t" в "_Ty1"; возможна потеря данных
C:\Program Files\Microsoft Visual Studio\2022\Community\VC\Tools\MSVC\14.44.35207\include\utility(274,16): warning C4267:         with
C:\Program Files\Microsoft Visual Studio\2022\Community\VC\Tools\MSVC\14.44.35207\include\utility(274,16): warning C4267:         [
C:\Program Files\Microsoft Visual Studio\2022\Community\VC\Tools\MSVC\14.44.35207\include\utility(274,16): warning C4267:             _Ty1=int
C:\Program Files\Microsoft Visual Studio\2022\Community\VC\Tools\MSVC\14.44.35207\include\utility(274,16): warning C4267:         ]
  (компиляция исходного файла "/WordFrequencyAnalyzerDlg.cpp")
      C:\Program Files\Microsoft Visual Studio\2022\Community\VC\Tools\MSVC\14.44.35207\include\utility(274,16):
      контекст создания экземпляра шаблона (сначала самый старый)
          C:\VGULearning\3Course\C\Task4_Demidov_C\WordFrequencyAnalyzer\WordFrequencyAnalyzerDlg.cpp(165,31):
          выполняется компиляция ссылки на экземпляр шаблон функции "void std::vector<std::pair<int,int>,std::allocator<std::pair<int,int>>>::emplace_back<size_t,size_t>(size_t &&,size_t &&)"
              C:\VGULearning\3Course\C\Task4_Demidov_C\WordFrequencyAnalyzer\WordFrequencyAnalyzerDlg.cpp(165,43):
              см. первую ссылку на "std::vector<std::pair<int,int>,std::allocator<std::pair<int,int>>>::emplace_back" в "CWordFrequencyAnalyzerDlg::AnalyzeText"
          C:\Program Files\Microsoft Visual Studio\2022\Community\VC\Tools\MSVC\14.44.35207\include\vector(924,24):
          выполняется компиляция ссылки на экземпляр шаблон функции "_Ty &std::vector<_Ty,std::allocator<_Ty>>::_Emplace_one_at_back<unsigned __int64,unsigned __int64>(unsigned __int64 &&,unsigned __int64 &&)"
          with
          [
              _Ty=std::pair<int,int>
          ]
          C:\Program Files\Microsoft Visual Studio\2022\Community\VC\Tools\MSVC\14.44.35207\include\vector(845,20):
          выполняется компиляция ссылки на экземпляр шаблон функции "_Ty &std::vector<_Ty,std::allocator<_Ty>>::_Emplace_back_with_unused_capacity<unsigned __int64,unsigned __int64>(unsigned __int64 &&,unsigned __int64 &&)"
          with
          [
              _Ty=std::pair<int,int>
          ]
          C:\Program Files\Microsoft Visual Studio\2022\Community\VC\Tools\MSVC\14.44.35207\include\vector(860,18):
          выполняется компиляция ссылки на экземпляр шаблон функции "void std::_Construct_in_place<std::pair<int,int>,_Ty,_Ty>(std::pair<int,int> &,_Ty &&,_Ty &&) noexcept"
          with
          [
              _Ty=size_t
          ]
          C:\Program Files\Microsoft Visual Studio\2022\Community\VC\Tools\MSVC\14.44.35207\include\xutility(476,61):
          выполняется компиляция ссылки на экземпляр шаблон функции "std::pair<int,int>::pair<_T,_T,0>(_Other1 &&,_Other2 &&) noexcept"
          with
          [
              _T=size_t,
              _Other1=size_t,
              _Other2=size_t
          ]
  
C:\Program Files\Microsoft Visual Studio\2022\Community\VC\Tools\MSVC\14.44.35207\include\utility(274,54): warning C4267: инициализация: преобразование из "size_t" в "_Ty2"; возможна потеря данных
C:\Program Files\Microsoft Visual Studio\2022\Community\VC\Tools\MSVC\14.44.35207\include\utility(274,54): warning C4267:         with
C:\Program Files\Microsoft Visual Studio\2022\Community\VC\Tools\MSVC\14.44.35207\include\utility(274,54): warning C4267:         [
C:\Program Files\Microsoft Visual Studio\2022\Community\VC\Tools\MSVC\14.44.35207\include\utility(274,54): warning C4267:             _Ty2=int
C:\Program Files\Microsoft Visual Studio\2022\Community\VC\Tools\MSVC\14.44.35207\include\utility(274,54): warning C4267:         ]
  (компиляция исходного файла "/WordFrequencyAnalyzerDlg.cpp")
  
  WordFrequencyAnalyzer.vcxproj -> C:\VGULearning\3Course\C\Task4_Demidov_C\WordFrequencyAnalyzer\x64\Debug\WordFrequencyAnalyzer.exe
